Using pre-set license
Built from '2020.3/release' branch; Version is '2020.3.2f1 (8fd9074bf66c) revision 9427207'; Using compiler version '192528614'; Build Type 'Release'
OS: 'Windows 10 Pro; OS build 19042.928; Version 2009; 64bit' Language: 'en' Physical Memory: 16330 MB
BatchMode: 1, IsHumanControllingUs: 0, StartBugReporterOnCrash: 0, Is64bit: 1, IsPro: 0

 COMMAND LINE ARGUMENTS:
C:\Program Files\Unity\Hub\Editor\2020.3.2f1\Editor\Unity.exe
-adb2
-batchMode
-noUpm
-name
AssetImportWorker0
-projectPath
D:/DeepForest
-logFile
Logs/AssetImportWorker0.log
-srvPort
57283
Successfully changed project path to: D:/DeepForest
D:/DeepForest
Using Asset Import Pipeline V2.
Refreshing native plugins compatible for Editor in 41.42 ms, found 0 plugins.
Preloading 0 native plugins for Editor in 0.00 ms.
Initialize engine version: 2020.3.2f1 (8fd9074bf66c)
[Subsystems] Discovering subsystems at path C:/Program Files/Unity/Hub/Editor/2020.3.2f1/Editor/Data/Resources/UnitySubsystems
[Subsystems] Discovering subsystems at path D:/DeepForest/Assets
GfxDevice: creating device client; threaded=0
Direct3D:
    Version:  Direct3D 11.0 [level 11.1]
    Renderer: Radeon RX 570 Series (ID=0x67df)
    Vendor:   
    VRAM:     4075 MB
    Driver:   27.20.21003.1028
Shader 'Universal Render Pipeline/Particles/Lit': fallback shader 'Universal Render Pipeline/Particles/SimpleLit' not found
Initialize mono
Mono path[0] = 'C:/Program Files/Unity/Hub/Editor/2020.3.2f1/Editor/Data/Managed'
Mono path[1] = 'C:/Program Files/Unity/Hub/Editor/2020.3.2f1/Editor/Data/MonoBleedingEdge/lib/mono/unityjit'
Mono config path = 'C:/Program Files/Unity/Hub/Editor/2020.3.2f1/Editor/Data/MonoBleedingEdge/etc'
Using monoOptions --debugger-agent=transport=dt_socket,embedding=1,server=y,suspend=n,address=127.0.0.1:56696
Begin MonoManager ReloadAssembly
Registering precompiled unity dll's ...
Register platform support module: C:/Program Files/Unity/Hub/Editor/2020.3.2f1/Editor/Data/PlaybackEngines/WindowsStandaloneSupport/UnityEditor.WindowsStandalone.Extensions.dll
Registered in 0.001492 seconds.
Native extension for WindowsStandalone target not found
Refreshing native plugins compatible for Editor in 42.92 ms, found 0 plugins.
Preloading 0 native plugins for Editor in 0.00 ms.
Invoked RoslynAnalysisRunner static constructor.
RoslynAnalysisRunner will not be running.
RoslynAnalysisRunner has terminated.
Mono: successfully reloaded assembly
- Completed reload, in  1.526 seconds
Platform modules already initialized, skipping
Registering precompiled user dll's ...
Registered in 0.000660 seconds.
Begin MonoManager ReloadAssembly
Native extension for WindowsStandalone target not found
Refreshing native plugins compatible for Editor in 43.84 ms, found 0 plugins.
Preloading 0 native plugins for Editor in 0.00 ms.
Invoked RoslynAnalysisRunner static constructor.
RoslynAnalysisRunner will not be running.
RoslynAnalysisRunner has terminated.
Mono: successfully reloaded assembly
- Completed reload, in  0.759 seconds
Platform modules already initialized, skipping
========================================================================
Worker process is ready to serve import requests
Shader 'Universal Render Pipeline/Particles/Lit': fallback shader 'Universal Render Pipeline/Particles/SimpleLit' not found
Launched and connected shader compiler UnityShaderCompiler.exe after 0.03 seconds
Refreshing native plugins compatible for Editor in 0.42 ms, found 0 plugins.
Preloading 0 native plugins for Editor in 0.00 ms.
Unloading 2516 Unused Serialized files (Serialized files now loaded: 0)
System memory in use before: 127.7 MB.
System memory in use after: 127.5 MB.

Unloading 20 unused Assets to reduce memory usage. Loaded Objects now: 2974.
Total: 1.921400 ms (FindLiveObjects: 0.241500 ms CreateObjectMapping: 0.070800 ms MarkObjects: 1.442200 ms  DeleteObjects: 0.166000 ms)

========================================================================
Received Import Request.
  path: Assets/RFA/Default Render/Prefabs
  artifactKey: Guid(04f34e33878a581409205c93a5a4d034) Importer(815301076,1909f56bfc062723c751e8b465ee728b)
Start importing Assets/RFA/Default Render/Prefabs using Guid(04f34e33878a581409205c93a5a4d034) Importer(815301076,1909f56bfc062723c751e8b465ee728b)  -> (artifact id: '6dec9bd8ef8a3c8c4ebdb56b5392b847') in 0.006703 seconds
  Import took 0.051861 seconds .

========================================================================
Received Import Request.
  Time since last request: 0.000125 seconds.
  path: Assets/RFA/Default Render/Prefabs/Player-Default.prefab
  artifactKey: Guid(15a79c54f0de80a41955a50618f7c71e) Importer(815301076,1909f56bfc062723c751e8b465ee728b)
Start importing Assets/RFA/Default Render/Prefabs/Player-Default.prefab using Guid(15a79c54f0de80a41955a50618f7c71e) Importer(815301076,1909f56bfc062723c751e8b465ee728b)  -> (artifact id: '6d6b3b853e1166cdb7d3c77a1f464c7d') in 0.573378 seconds
  Import took 0.579662 seconds .

========================================================================
Received Import Request.
  Time since last request: 0.000157 seconds.
  path: Assets/RFA/Default Render
  artifactKey: Guid(a5b540c8f1eb83144a3499b7b17c7f8b) Importer(815301076,1909f56bfc062723c751e8b465ee728b)
Start importing Assets/RFA/Default Render using Guid(a5b540c8f1eb83144a3499b7b17c7f8b) Importer(815301076,1909f56bfc062723c751e8b465ee728b)  -> (artifact id: '84e9bf59c5623f117d8f951fc6ba55bb') in 0.004538 seconds
  Import took 0.007641 seconds .

========================================================================
Received Import Request.
  Time since last request: 0.000136 seconds.
  path: Assets/RFA/Common
  artifactKey: Guid(9126b1a6bfa6fa44aab25c56a59693e0) Importer(815301076,1909f56bfc062723c751e8b465ee728b)
Start importing Assets/RFA/Common using Guid(9126b1a6bfa6fa44aab25c56a59693e0) Importer(815301076,1909f56bfc062723c751e8b465ee728b)  -> (artifact id: 'bfb76b4f64937976ed2b363964768a70') in 0.004518 seconds
  Import took 0.007504 seconds .

========================================================================
Received Import Request.
  Time since last request: 86.645356 seconds.
  path: Assets/RFA/Common/RFA_Model_Avatar.asset
  artifactKey: Guid(74e26660bb0b5ba44b498b94af79430c) Importer(815301076,1909f56bfc062723c751e8b465ee728b)
Start importing Assets/RFA/Common/RFA_Model_Avatar.asset using Guid(74e26660bb0b5ba44b498b94af79430c) Importer(815301076,1909f56bfc062723c751e8b465ee728b)  -> (artifact id: '92edc8a4a7b137ee93e177d51e9309c2') in 0.007212 seconds
  Import took 0.010649 seconds .

========================================================================
Received Import Request.
  Time since last request: 1.201180 seconds.
  path: Assets/RFA/Common/Prefabs
  artifactKey: Guid(68da9a626deba7f41a1857cea7d21b26) Importer(815301076,1909f56bfc062723c751e8b465ee728b)
Start importing Assets/RFA/Common/Prefabs using Guid(68da9a626deba7f41a1857cea7d21b26) Importer(815301076,1909f56bfc062723c751e8b465ee728b)  -> (artifact id: '6943ad916e5db47d4e9131867543c00e') in 0.001294 seconds
  Import took 0.004549 seconds .

========================================================================
Received Import Request.
  Time since last request: 0.048970 seconds.
  path: Assets/RFA/Common/Prefabs/Player-base.prefab
  artifactKey: Guid(10a99c550d68610468d14ba69c5e5309) Importer(815301076,1909f56bfc062723c751e8b465ee728b)
Start importing Assets/RFA/Common/Prefabs/Player-base.prefab using Guid(10a99c550d68610468d14ba69c5e5309) Importer(815301076,1909f56bfc062723c751e8b465ee728b)  -> (artifact id: 'bb3db29dfb7d6274b7a2691a9c89ebfb') in 0.005703 seconds
  Import took 0.009042 seconds .

========================================================================
Received Import Request.
  Time since last request: 1.402559 seconds.
  path: Assets/RFA/Common/Prefabs/Camera
  artifactKey: Guid(f5a6581d42d3bbc458410de78a9ef530) Importer(815301076,1909f56bfc062723c751e8b465ee728b)
Start importing Assets/RFA/Common/Prefabs/Camera using Guid(f5a6581d42d3bbc458410de78a9ef530) Importer(815301076,1909f56bfc062723c751e8b465ee728b)  -> (artifact id: 'f5259331229ea5c0edc4605725218a50') in 0.004431 seconds
  Import took 0.007731 seconds .

========================================================================
Received Import Request.
  Time since last request: 0.063357 seconds.
  path: Assets/RFA/Common/Prefabs/Camera/CameraRig.prefab
  artifactKey: Guid(80844b2319340044da27db99208a9eac) Importer(815301076,1909f56bfc062723c751e8b465ee728b)
Start importing Assets/RFA/Common/Prefabs/Camera/CameraRig.prefab using Guid(80844b2319340044da27db99208a9eac) Importer(815301076,1909f56bfc062723c751e8b465ee728b)  -> (artifact id: '5cf5bb53c8a9ff1809b6caec3931fba6') in 0.007162 seconds
  Import took 0.010604 seconds .

========================================================================
Received Import Request.
  Time since last request: 0.000144 seconds.
  path: Assets/RFA/Common/Prefabs/Camera/SpringArm.prefab
  artifactKey: Guid(d156b914596d0ae43ba2c7656cef2c47) Importer(815301076,1909f56bfc062723c751e8b465ee728b)
Start importing Assets/RFA/Common/Prefabs/Camera/SpringArm.prefab using Guid(d156b914596d0ae43ba2c7656cef2c47) Importer(815301076,1909f56bfc062723c751e8b465ee728b)  -> (artifact id: 'd90cdb69f17df9123a632d4933f76ac9') in 0.004861 seconds
  Import took 0.007974 seconds .

AssetImportWorkerClient::OnTransportError - code=2 error=End of file
